<?xml version="1.0" encoding="UTF-8"?>
<!-- Generated by org.testng.reporters.JUnitReportReporter -->
<testsuite hostname="DESKTOP-21DHAL0" failures="0" tests="3" name="DataDrivenTest" time="10.118" errors="0" timestamp="2022-09-11T23:47:35 IST" skipped="0">
  <testcase classname="DataDrivenTest" name="loginTest" time="5.975"/>
  <system-out/>
  <testcase classname="DataDrivenTest" name="loginTest" time="2.420"/>
  <system-out/>
  <testcase classname="DataDrivenTest" name="loginTest" time="1.723"/>
  <system-out/>
</testsuite> <!-- DataDrivenTest -->
