<?xml version="1.0" encoding="UTF-8"?>
<!-- Generated by org.testng.reporters.JUnitReportReporter -->
<testsuite hostname="DESKTOP-21DHAL0" failures="0" tests="1" name="MainProject" time="74.412" errors="0" timestamp="2022-07-18T10:04:07 IST" skipped="0">
  <testcase classname="MainProject" name="login" time="74.412"/>
  <system-out/>
</testsuite> <!-- MainProject -->
