<?xml version="1.0" encoding="UTF-8"?>
<!-- Generated by org.testng.reporters.JUnitReportReporter -->
<testsuite hostname="DESKTOP-21DHAL0" failures="0" tests="1" name="NewTest222" time="14.338" errors="0" timestamp="2022-08-12T00:36:03 IST" skipped="0">
  <testcase classname="NewTest222" name="f" time="14.338"/>
  <system-out/>
</testsuite> <!-- NewTest222 -->
