<?xml version="1.0" encoding="UTF-8"?>
<!-- Generated by org.testng.reporters.JUnitReportReporter -->
<testsuite hostname="DESKTOP-21DHAL0" failures="0" tests="1" name="log4j" time="19.913" errors="0" timestamp="2022-09-01T00:25:33 IST" skipped="0">
  <testcase classname="log4j" name="f" time="19.913"/>
  <system-out/>
</testsuite> <!-- log4j -->
