<?xml version="1.0" encoding="UTF-8"?>
<!-- Generated by org.testng.reporters.JUnitReportReporter -->
<testsuite hostname="DESKTOP-21DHAL0" failures="0" tests="2" name="FlipkartAutomation" time="67.203" errors="0" timestamp="2022-09-11T23:31:40 IST" skipped="0">
  <testcase classname="FlipkartAutomation" name="loginpage" time="36.431"/>
  <system-out/>
  <testcase classname="FlipkartAutomation" name="launchAppliction" time="30.772"/>
  <system-out/>
</testsuite> <!-- FlipkartAutomation -->
