<?xml version="1.0" encoding="UTF-8"?>
<!-- Generated by org.testng.reporters.JUnitReportReporter -->
<testsuite hostname="DESKTOP-21DHAL0" failures="0" tests="1" name="website" time="48.974" errors="0" timestamp="2022-08-08T22:42:23 IST" skipped="0">
  <testcase classname="website" name="f" time="48.974"/>
  <system-out/>
</testsuite> <!-- website -->
