<?xml version="1.0" encoding="UTF-8"?>
<!-- Generated by org.testng.reporters.JUnitReportReporter -->
<testsuite hostname="DESKTOP-21DHAL0" failures="0" tests="1" name="Automation_Flipkart" time="26.766" errors="0" timestamp="2022-08-11T23:34:48 IST" skipped="0">
  <testcase classname="Automation_Flipkart" name="login" time="26.766"/>
  <system-out/>
</testsuite> <!-- Automation_Flipkart -->
