<?xml version="1.0" encoding="UTF-8"?>
<!-- Generated by org.testng.reporters.JUnitReportReporter -->
<testsuite hostname="DESKTOP-21DHAL0" failures="0" tests="1" name="ppp" time="48.535" errors="0" timestamp="2022-08-21T23:58:38 IST" skipped="0">
  <testcase classname="ppp" name="f" time="48.535"/>
  <system-out/>
</testsuite> <!-- ppp -->
